Arguments: 
  C:\Program Files\nodejs\node.exe C:\Users\maksi\AppData\Roaming\npm\node_modules\yarn\bin\yarn.js add @creative-tim-official/argon-dashboard-free

PATH: 
  C:\Program Files\PowerShell\7-preview;C:\Program Files (x86)\Common Files\Oracle\Java\javapath;C:\WINDOWS\system32\WBEM;C:\Program Files (x86)\Common Files\Intel\Shared Libraries\redist\intel64\compiler;C:\Python310\Scripts\;C:\Python310\;C:\WINDOWS\system32;C:\WINDOWS;C:\WINDOWS\System32\Wbem;C:\WINDOWS\System32\WindowsPowerShell\v1.0\;C:\WINDOWS\System32\OpenSSH\;C:\ProgramData\chocolatey\bin;C:\Users\maksi\AppData\Roaming\nvm;C:\Program Files\nodejs;C:\Program Files\nodejs\;C:\Program Files\dotnet\;C:\Program Files\Microsoft SQL Server\150\Tools\Binn\;C:\Program Files\Microsoft SQL Server\Client SDK\ODBC\170\Tools\Binn\;C:\Users\maksi\AppData\Local\Microsoft\WindowsApps;C:\Users\maksi\AppData\Local\Programs\Microsoft VS Code\bin;C:\Users\maksi\AppData\Local\GitHubDesktop\bin;C:\Hyper Terminal\resources\bin;C:\Program Files\JetBrains\WebStorm 221.5080.67\bin;C:\Users\maksi\AppData\Roaming\npm;C:\Users\maksi\.dotnet\tools;C:\Program Files\Git\cmd;C:\Program Files\Cloudflare\Cloudflare WARP\;C:\Program Files\Go\bin;C:\Program Files\PowerShell\7-preview\preview;C:\Program Files\JetBrains\JetBrains Rider 2022.1.2\bin;C:\Users\maksi\go\bin

Yarn version: 
  1.22.18

Node version: 
  18.0.0

Platform: 
  win32 x64

Trace: 
  Error: EPERM: operation not permitted, copyfile 'C:\Users\maksi\AppData\Local\Yarn\Cache\v6\npm-es5-ext-0.10.62-5e6adc19a6da524bf3d1e02bbc8960e5eb49a9a5-integrity\node_modules\es5-ext\_postinstall.js' -> 'C:\Users\maksi\OneDrive\Documents\GitHub\argon-dashboard\node_modules\es5-ext\_postinstall.js'

npm manifest: 
  {
    "name": "argon-dashboard",
    "version": "2.0.4",
    "description": "Freebie Dashboard for Bootstrap 5",
    "main": "pages/dashboard.html",
    "directories": {
      "example": "root"
    },
    "scripts": {
      "open-app": "gulp open-app",
      "start": "npm run open-app",
      "test": "echo \"Error: no test specified\" && exit 1",
      "watch": "gulp-watch"
    },
    "repository": {
      "type": "git",
      "url": "git+https://github.com/creativetimofficial/argon-dashboard.git"
    },
    "keywords": [
      "argon dashboard",
      "bootstrap 5",
      "dashboard",
      "creative tim",
      "html dashboard",
      "html css dashboard",
      "web dashboard",
      "freebie",
      "free bootstrap dashboard",
      "css3 dashboard",
      "bootstrap dashboard",
      "frontend",
      "responsive bootstrap dashboard"
    ],
    "author": "Creative Tim <hello@creative-tim.com> (https://www.creative-tim.com/)",
    "license": "MIT",
    "bugs": {
      "url": "https://github.com/creativetimofficial/argon-dashboard/issues"
    },
    "devDependencies": {
      "gulp": "^4.0.2",
      "gulp-autoprefixer": "^7.0.1",
      "gulp-clean": "^0.4.0",
      "gulp-install": "^1.1.0",
      "gulp-sass": "^5.1.0",
      "gulp-sourcemaps": "^2.6.5",
      "gulp-open": "^3.0.1",
      "sass": "^1.49.9"
    },
    "homepage": "http://creative-tim.com/product/argon-dashboard"
  }

yarn manifest: 
  No manifest

Lockfile: 
  No lockfile
